#
# A fatal error has been detected by the Java Runtime Environment:
#
#  EXCEPTION_ACCESS_VIOLATION (0xc0000005) at pc=0x000000000a448624, pid=3768, tid=5340
#
# JRE version: 7.0_11-b21
# Java VM: Java HotSpot(TM) 64-Bit Server VM (23.6-b04 mixed mode windows-amd64 compressed oops)
# Problematic frame:
# C  0x000000000a448624
#
# Failed to write core dump. Minidumps are not enabled by default on client versions of Windows
#
# If you would like to submit a bug report, please visit:
#   http://bugreport.sun.com/bugreport/crash.jsp
# The crash happened outside the Java Virtual Machine in native code.
# See problematic frame for where to report the bug.
#

---------------  T H R E A D  ---------------

Current thread (0x00000000674de800):  JavaThread "AWT-EventQueue-0" [_thread_in_native, id=5340, stack(0x00000000a0000000,0x00000000a4000000)]

siginfo: ExceptionCode=0xc0000005, reading address 0x0000000000000008

Registers:
RAX=0x000000000000000d, RBX=0x00000000674de9d8, RCX=0x0000000000000000, RDX=0xfffffffff9011dc2
RSP=0x00000000a3ffdc28, RBP=0x00000000674de9d8, RSI=0x00000000984998a0, RDI=0x000000007bd7c580
R8 =0x00000000a3ffdbe8, R9 =0x0000000000000005, R10=0x0000000000000000, R11=0x00000000a3ffdc28
R12=0xfffffffff9011dc2, R13=0x0000000000000000, R14=0x00000000a3ffe3c0, R15=0x00000000674de800
RIP=0x000000000a448624, EFLAGS=0x0000000000010202

Top of Stack: (sp=0x00000000a3ffdc28)
0x00000000a3ffdc28:   000000000a409589 0000000000000000
0x00000000a3ffdc38:   00000000674de9d8 00000000674de9d8
0x00000000a3ffdc48:   00000000984998a0 0000000000000000
0x00000000a3ffdc58:   00000000984998a0 00000000a3ffe3b0
0x00000000a3ffdc68:   000000000a3ea6b1 00000000674de9d8
0x00000000a3ffdc78:   0000000000000000 00000000a3ffdd01
0x00000000a3ffdc88:   0000000000000001 0000000098729a30
0x00000000a3ffdc98:   000000000a40627a 00000000a3ffe3b0
0x00000000a3ffdca8:   00000000a3ffdda0 00000000674de9d8
0x00000000a3ffdcb8:   00000000e80edf48 000000010000005d
0x00000000a3ffdcc8:   00000000fa632a18 0000000000000000
0x00000000a3ffdcd8:   00000000ea49ce40 0000000000000000
0x00000000a3ffdce8:   0000000000000001 bff0000000000000
0x00000000a3ffdcf8:   00000000e0528cf0 0000000000000000
0x00000000a3ffdd08:   0000000000000009 0000000000000029
0x00000000a3ffdd18:   00000000a3ffe3a8 00000000674de9d8 

Instructions: (pc=0x000000000a448624)
0x000000000a448604:   5e 41 5d 41 5c 5f c3 cc 48 8b 41 08 48 05 00 04
0x000000000a448614:   00 00 c3 cc 48 8b 41 08 48 8b 80 18 0c 00 00 c3
0x000000000a448624:   48 8b 49 08 48 85 c9 74 05 e9 0e 72 fe ff 33 c0
0x000000000a448634:   c3 cc cc cc 48 83 ec 28 48 8b 49 08 48 85 c9 74 


Register to memory mapping:

RAX=0x000000000000000d is an unknown value
RBX=0x00000000674de9d8 is an unknown value
RCX=0x0000000000000000 is an unknown value
RDX=0xfffffffff9011dc2 is an unknown value
RSP=0x00000000a3ffdc28 is pointing into the stack for thread: 0x00000000674de800
RBP=0x00000000674de9d8 is an unknown value
RSI=0x00000000984998a0 is an unknown value
RDI=0x000000007bd7c580 is an unknown value
R8 =0x00000000a3ffdbe8 is pointing into the stack for thread: 0x00000000674de800
R9 =0x0000000000000005 is an unknown value
R10=0x0000000000000000 is an unknown value
R11=0x00000000a3ffdc28 is pointing into the stack for thread: 0x00000000674de800
R12=0xfffffffff9011dc2 is an unknown value
R13=0x0000000000000000 is an unknown value
R14=0x00000000a3ffe3c0 is pointing into the stack for thread: 0x00000000674de800
R15=0x00000000674de800 is a thread


Stack: [0x00000000a0000000,0x00000000a4000000],  sp=0x00000000a3ffdc28,  free space=65527k
Native frames: (J=compiled Java code, j=interpreted, Vv=VM code, C=native code)
C  0x000000000a448624

Java frames: (J=compiled Java code, j=interpreted, Vv=VM code)
j  sun.java2d.windows.GDIBlitLoops.nativeBlit(Lsun/java2d/SurfaceData;Lsun/java2d/SurfaceData;Lsun/java2d/pipe/Region;IIIIIIIIIZ)V+0
j  sun.java2d.windows.GDIBlitLoops.Blit(Lsun/java2d/SurfaceData;Lsun/java2d/SurfaceData;Ljava/awt/Composite;Lsun/java2d/pipe/Region;IIIIII)V+33
J  sun.java2d.pipe.DrawImage.copyImage(Lsun/java2d/SunGraphics2D;Ljava/awt/Image;IILjava/awt/Color;Ljava/awt/image/ImageObserver;)Z
J  javax.swing.RepaintManager$PaintManager.paintDoubleBuffered(Ljavax/swing/JComponent;Ljava/awt/Image;Ljava/awt/Graphics;IIII)V
J  javax.swing.RepaintManager$PaintManager.paint(Ljavax/swing/JComponent;Ljavax/swing/JComponent;Ljava/awt/Graphics;IIII)Z
J  javax.swing.JComponent.paint(Ljava/awt/Graphics;)V
j  java.awt.GraphicsCallback$PaintCallback.run(Ljava/awt/Component;Ljava/awt/Graphics;)V+2
j  sun.awt.SunGraphicsCallback.runOneComponent(Ljava/awt/Component;Ljava/awt/Rectangle;Ljava/awt/Graphics;Ljava/awt/Shape;I)V+155
j  sun.awt.SunGraphicsCallback.runComponents([Ljava/awt/Component;Ljava/awt/Graphics;I)V+194
j  java.awt.Container.paint(Ljava/awt/Graphics;)V+58
j  java.awt.Window.paint(Ljava/awt/Graphics;)V+68
J  javax.swing.RepaintManager.paintDirtyRegions(Ljava/util/Map;)V
j  javax.swing.RepaintManager.paintDirtyRegions()V+46
j  javax.swing.RepaintManager.prePaintDirtyRegions()V+73
j  javax.swing.RepaintManager.access$700(Ljavax/swing/RepaintManager;)V+1
j  javax.swing.RepaintManager$ProcessingRunnable.run()V+37
J  java.awt.EventQueue$3.run()Ljava/lang/Object;
v  ~StubRoutines::call_stub
J  java.security.AccessController.doPrivileged(Ljava/security/PrivilegedAction;Ljava/security/AccessControlContext;)Ljava/lang/Object;
J  java.awt.EventDispatchThread.pumpOneEventForFilters(I)V
J  java.awt.EventDispatchThread.pumpEventsForFilter(ILjava/awt/Conditional;Ljava/awt/EventFilter;)V
j  java.awt.EventDispatchThread.pumpEventsForHierarchy(ILjava/awt/Conditional;Ljava/awt/Component;)V+11
j  java.awt.EventDispatchThread.pumpEvents(ILjava/awt/Conditional;)V+4
j  java.awt.EventDispatchThread.pumpEvents(Ljava/awt/Conditional;)V+3
j  java.awt.EventDispatchThread.run()V+9
v  ~StubRoutines::call_stub

---------------  P R O C E S S  ---------------

Java Threads: ( => current thread )
  0x000000007b60a800 JavaThread "Unnamed RequestAggregator Timer" daemon [_thread_blocked, id=4608, stack(0x0000000140030000,0x0000000144030000)]
  0x000000007b609800 JavaThread "FileDecorationCache request queue" daemon [_thread_blocked, id=5724, stack(0x00000000bc000000,0x00000000c0000000)]
  0x000000007ca4e000 JavaThread "Browser Events Thread" daemon [_thread_blocked, id=3016, stack(0x0000000168030000,0x000000016c030000)]
  0x0000000067669000 JavaThread "Timer-2" daemon [_thread_blocked, id=5100, stack(0x000000013aa90000,0x000000013ea90000)]
  0x000000007ca4d000 JavaThread "Main message loop" daemon [_thread_in_native, id=5384, stack(0x0000000136a90000,0x000000013aa90000)]
  0x0000000067668000 JavaThread "com.jniwrapper.NativeResourceCollector" daemon [_thread_blocked, id=1244, stack(0x00000000c0000000,0x00000000c4000000)]
  0x000000007b60b000 JavaThread "Code Analyzer updating thread" [_thread_blocked, id=3216, stack(0x00000000b8000000,0x00000000bc000000)]
  0x000000007b609000 JavaThread "Prefs Updater" daemon [_thread_blocked, id=5140, stack(0x00000000b4000000,0x00000000b8000000)]
  0x000000011cf66800 JavaThread "Thread-91" [_thread_blocked, id=4588, stack(0x000000012f620000,0x0000000133620000)]
  0x000000007b608000 JavaThread "Foxtrot Multi Worker Thread Runner #1" daemon [_thread_blocked, id=5588, stack(0x000000011f230000,0x0000000123230000)]
  0x000000006765f000 JavaThread "Code Analyzer updating thread" [_thread_blocked, id=5556, stack(0x0000000118000000,0x000000011c000000)]
  0x0000000067663000 JavaThread "Code Analyzer updating thread" [_thread_blocked, id=3956, stack(0x0000000114000000,0x0000000118000000)]
  0x0000000067664800 JavaThread "Code Analyzer updating thread" [_thread_blocked, id=1612, stack(0x0000000110000000,0x0000000114000000)]
  0x0000000067663800 JavaThread "Code Analyzer updating thread" [_thread_blocked, id=688, stack(0x000000010c000000,0x0000000110000000)]
  0x0000000067662000 JavaThread "Code Analyzer updating thread" [_thread_blocked, id=5552, stack(0x00000000c4000000,0x00000000c8000000)]
  0x0000000067661800 JavaThread "Active Reference Queue Daemon" daemon [_thread_blocked, id=5808, stack(0x0000000108000000,0x000000010c000000)]
  0x0000000067660800 JavaThread "Timer-1" daemon [_thread_blocked, id=4712, stack(0x0000000104000000,0x0000000108000000)]
  0x000000006765d000 JavaThread "ClipboardMonitor Timer" daemon [_thread_blocked, id=1184, stack(0x00000000d0000000,0x00000000d4000000)]
  0x0000000067660000 JavaThread "Explorer NavigationContext request queue" daemon [_thread_blocked, id=3924, stack(0x0000000100000000,0x0000000104000000)]
  0x000000006765e800 JavaThread "AddressBar directory emptiness poller" daemon [_thread_blocked, id=4148, stack(0x00000000d8000000,0x00000000dc000000)]
  0x000000006765d800 JavaThread "Explorer Refresh Service 1963484421" daemon [_thread_blocked, id=5076, stack(0x00000000d4000000,0x00000000d8000000)]
  0x000000006765a800 JavaThread "Thread-4" daemon [_thread_blocked, id=5576, stack(0x00000000cc000000,0x00000000d0000000)]
  0x0000000067665000 JavaThread "TimerQueue" daemon [_thread_blocked, id=1604, stack(0x00000000c8000000,0x00000000cc000000)]
  0x000000006765a000 JavaThread "Thread-3" daemon [_thread_blocked, id=5636, stack(0x00000000a4000000,0x00000000a8000000)]
  0x0000000067574800 JavaThread "FelixPackageAdmin" daemon [_thread_blocked, id=3084, stack(0x00000000b0000000,0x00000000b4000000)]
  0x0000000067325000 JavaThread "FelixStartLevel" daemon [_thread_blocked, id=1344, stack(0x00000000ac000000,0x00000000b0000000)]
  0x0000000067324800 JavaThread "FelixDispatchQueue" daemon [_thread_blocked, id=5324, stack(0x00000000a8000000,0x00000000ac000000)]
=>0x00000000674de800 JavaThread "AWT-EventQueue-0" [_thread_in_native, id=5340, stack(0x00000000a0000000,0x00000000a4000000)]
  0x000000006716d000 JavaThread "com.google.common.base.internal.Finalizer" daemon [_thread_blocked, id=5320, stack(0x000000009c000000,0x00000000a0000000)]
  0x0000000067093000 JavaThread "AWT-Windows" daemon [_thread_in_native, id=5812, stack(0x0000000094000000,0x0000000098000000)]
  0x0000000066fe7000 JavaThread "AWT-Shutdown" [_thread_blocked, id=5892, stack(0x0000000090000000,0x0000000094000000)]
  0x000000006714f800 JavaThread "Java2D Disposer" daemon [_thread_blocked, id=3752, stack(0x000000008c000000,0x0000000090000000)]
  0x0000000030e89800 JavaThread "Timer-0" [_thread_blocked, id=4024, stack(0x0000000088000000,0x000000008c000000)]
  0x0000000066e47000 JavaThread "EventMgr Dispatcher" daemon [_thread_in_native, id=5300, stack(0x0000000084000000,0x0000000088000000)]
  0x000000003094e000 JavaThread "Service Thread" daemon [_thread_blocked, id=5764, stack(0x0000000077460000,0x000000007b460000)]
  0x000000003094d000 JavaThread "C2 CompilerThread1" daemon [_thread_blocked, id=1352, stack(0x0000000062bb0000,0x0000000066bb0000)]
  0x0000000030948800 JavaThread "C2 CompilerThread0" daemon [_thread_blocked, id=5848, stack(0x000000005ebb0000,0x0000000062bb0000)]
  0x0000000030947800 JavaThread "Attach Listener" daemon [_thread_blocked, id=3204, stack(0x000000005abb0000,0x000000005ebb0000)]
  0x00000000308ac800 JavaThread "Finalizer" daemon [_thread_blocked, id=5244, stack(0x0000000056bb0000,0x000000005abb0000)]
  0x00000000308a6800 JavaThread "Reference Handler" daemon [_thread_blocked, id=3332, stack(0x0000000052bb0000,0x0000000056bb0000)]
  0x0000000017452800 JavaThread "main" [_thread_in_native, id=4640, stack(0x0000000000030000,0x0000000004030000)]

Other Threads:
  0x00000000308a2000 VMThread [stack: 0x000000004ebb0000,0x0000000052bb0000] [id=5412]
  0x0000000030995000 WatcherThread [stack: 0x0000000080000000,0x0000000084000000] [id=5156]

VM state:not at safepoint (normal execution)

VM Mutex/Monitor currently owned by a thread: None

Heap
 PSYoungGen      total 86528K, used 7140K [0x00000000fa000000, 0x00000000ff5f0000, 0x0000000100000000)
  eden space 85056K, 7% used [0x00000000fa000000,0x00000000fa679340,0x00000000ff310000)
  from space 1472K, 34% used [0x00000000ff480000,0x00000000ff500000,0x00000000ff5f0000)
  to   space 1472K, 0% used [0x00000000ff310000,0x00000000ff310000,0x00000000ff480000)
 ParOldGen       total 116608K, used 80080K [0x00000000e8000000, 0x00000000ef1e0000, 0x00000000fa000000)
  object space 116608K, 68% used [0x00000000e8000000,0x00000000ece34228,0x00000000ef1e0000)
 PSPermGen       total 109376K, used 68411K [0x00000000e0000000, 0x00000000e6ad0000, 0x00000000e8000000)
  object space 109376K, 62% used [0x00000000e0000000,0x00000000e42ced08,0x00000000e6ad0000)

Card table byte_map: [0x0000000033f50000,0x0000000034060000] byte_map_base: 0x0000000033850000

Polling page: 0x0000000008f20000

Code Cache  [0x0000000030e90000, 0x0000000031740000, 0x0000000033e90000)
 total_blobs=3574 nmethods=2874 adapters=647 free_code_cache=40454Kb largest_free_block=41277824

Compilation events (10 events):
Event: 13403.776 Thread 0x0000000030948800 nmethod 3105 0x0000000031714c90 code [0x0000000031714dc0, 0x0000000031714e18]
Event: 13403.776 Thread 0x000000003094d000 nmethod 3104 0x0000000031714a90 code [0x0000000031714bc0, 0x0000000031714c18]
Event: 13403.788 Thread 0x0000000030948800 3106             javax.swing.text.AbstractDocument$BranchElement::getStartOffset (10 bytes)
Event: 13403.788 Thread 0x0000000030948800 nmethod 3106 0x00000000317147d0 code [0x0000000031714920, 0x00000000317149b8]
Event: 13403.910 Thread 0x000000003094d000 3107             javax.swing.text.StyleContext$SmallAttributeSet::getAttributeNames (16 bytes)
Event: 13403.910 Thread 0x000000003094d000 nmethod 3107 0x0000000031714510 code [0x0000000031714660, 0x0000000031714738]
Event: 13403.923 Thread 0x0000000030948800 3108             com.mathworks.matlab.api.explorer.FileSystemEntry::isReal (5 bytes)
Event: 13403.923 Thread 0x0000000030948800 nmethod 3108 0x00000000317142d0 code [0x0000000031714400, 0x0000000031714458]
Event: 17366.617 Thread 0x000000003094d000 3110             com.mathworks.mlwidgets.explorer.model.realfs.RealFileList::readFilesAndFolders (32 bytes)
Event: 17366.617 Thread 0x000000003094d000 nmethod 3110 0x0000000031716210 code [0x0000000031716360, 0x0000000031716488]

GC Heap History (10 events):
Event: 16529.695 GC heap before
{Heap before GC invocations=289 (full 3):
 PSYoungGen      total 86592K, used 85376K [0x00000000fa000000, 0x00000000ff630000, 0x0000000100000000)
  eden space 84864K, 100% used [0x00000000fa000000,0x00000000ff2e0000,0x00000000ff2e0000)
  from space 1728K, 29% used [0x00000000ff2e0000,0x00000000ff360000,0x00000000ff490000)
  to   space 1664K, 0% used [0x00000000ff490000,0x00000000ff490000,0x00000000ff630000)
 ParOldGen       total 116608K, used 79968K [0x00000000e8000000, 0x00000000ef1e0000, 0x00000000fa000000)
  object space 116608K, 68% used [0x00000000e8000000,0x00000000ece18228,0x00000000ef1e0000)
 PSPermGen       total 109376K, used 68404K [0x00000000e0000000, 0x00000000e6ad0000, 0x00000000e8000000)
  object space 109376K, 62% used [0x00000000e0000000,0x00000000e42cd360,0x00000000e6ad0000)
Event: 16529.698 GC heap after
Heap after GC invocations=289 (full 3):
 PSYoungGen      total 86592K, used 448K [0x00000000fa000000, 0x00000000ff630000, 0x0000000100000000)
  eden space 84928K, 0% used [0x00000000fa000000,0x00000000fa000000,0x00000000ff2f0000)
  from space 1664K, 26% used [0x00000000ff490000,0x00000000ff500000,0x00000000ff630000)
  to   space 1664K, 0% used [0x00000000ff2f0000,0x00000000ff2f0000,0x00000000ff490000)
 ParOldGen       total 116608K, used 79984K [0x00000000e8000000, 0x00000000ef1e0000, 0x00000000fa000000)
  object space 116608K, 68% used [0x00000000e8000000,0x00000000ece1c228,0x00000000ef1e0000)
 PSPermGen       total 109376K, used 68404K [0x00000000e0000000, 0x00000000e6ad0000, 0x00000000e8000000)
  object space 109376K, 62% used [0x00000000e0000000,0x00000000e42cd360,0x00000000e6ad0000)
}
Event: 16937.614 GC heap before
{Heap before GC invocations=290 (full 3):
 PSYoungGen      total 86592K, used 85376K [0x00000000fa000000, 0x00000000ff630000, 0x0000000100000000)
  eden space 84928K, 100% used [0x00000000fa000000,0x00000000ff2f0000,0x00000000ff2f0000)
  from space 1664K, 26% used [0x00000000ff490000,0x00000000ff500000,0x00000000ff630000)
  to   space 1664K, 0% used [0x00000000ff2f0000,0x00000000ff2f0000,0x00000000ff490000)
 ParOldGen       total 116608K, used 79984K [0x00000000e8000000, 0x00000000ef1e0000, 0x00000000fa000000)
  object space 116608K, 68% used [0x00000000e8000000,0x00000000ece1c228,0x00000000ef1e0000)
 PSPermGen       total 109376K, used 68404K [0x00000000e0000000, 0x00000000e6ad0000, 0x00000000e8000000)
  object space 109376K, 62% used [0x00000000e0000000,0x00000000e42cd360,0x00000000e6ad0000)
Event: 16937.617 GC heap after
Heap after GC invocations=290 (full 3):
 PSYoungGen      total 86592K, used 512K [0x00000000fa000000, 0x00000000ff620000, 0x0000000100000000)
  eden space 84928K, 0% used [0x00000000fa000000,0x00000000fa000000,0x00000000ff2f0000)
  from space 1664K, 30% used [0x00000000ff2f0000,0x00000000ff370000,0x00000000ff490000)
  to   space 1600K, 0% used [0x00000000ff490000,0x00000000ff490000,0x00000000ff620000)
 ParOldGen       total 116608K, used 80008K [0x00000000e8000000, 0x00000000ef1e0000, 0x00000000fa000000)
  object space 116608K, 68% used [0x00000000e8000000,0x00000000ece22228,0x00000000ef1e0000)
 PSPermGen       total 109376K, used 68404K [0x00000000e0000000, 0x00000000e6ad0000, 0x00000000e8000000)
  object space 109376K, 62% used [0x00000000e0000000,0x00000000e42cd360,0x00000000e6ad0000)
}
Event: 17342.692 GC heap before
{Heap before GC invocations=291 (full 3):
 PSYoungGen      total 86592K, used 85440K [0x00000000fa000000, 0x00000000ff620000, 0x0000000100000000)
  eden space 84928K, 100% used [0x00000000fa000000,0x00000000ff2f0000,0x00000000ff2f0000)
  from space 1664K, 30% used [0x00000000ff2f0000,0x00000000ff370000,0x00000000ff490000)
  to   space 1600K, 0% used [0x00000000ff490000,0x00000000ff490000,0x00000000ff620000)
 ParOldGen       total 116608K, used 80008K [0x00000000e8000000, 0x00000000ef1e0000, 0x00000000fa000000)
  object space 116608K, 68% used [0x00000000e8000000,0x00000000ece22228,0x00000000ef1e0000)
 PSPermGen       total 109376K, used 68404K [0x00000000e0000000, 0x00000000e6ad0000, 0x00000000e8000000)
  object space 109376K, 62% used [0x00000000e0000000,0x00000000e42cd360,0x00000000e6ad0000)
Event: 17342.695 GC heap after
Heap after GC invocations=291 (full 3):
 PSYoungGen      total 86464K, used 512K [0x00000000fa000000, 0x00000000ff600000, 0x0000000100000000)
  eden space 84992K, 0% used [0x00000000fa000000,0x00000000fa000000,0x00000000ff300000)
  from space 1472K, 34% used [0x00000000ff490000,0x00000000ff510000,0x00000000ff600000)
  to   space 1536K, 0% used [0x00000000ff300000,0x00000000ff300000,0x00000000ff480000)
 ParOldGen       total 116608K, used 80032K [0x00000000e8000000, 0x00000000ef1e0000, 0x00000000fa000000)
  object space 116608K, 68% used [0x00000000e8000000,0x00000000ece28228,0x00000000ef1e0000)
 PSPermGen       total 109376K, used 68404K [0x00000000e0000000, 0x00000000e6ad0000, 0x00000000e8000000)
  object space 109376K, 62% used [0x00000000e0000000,0x00000000e42cd360,0x00000000e6ad0000)
}
Event: 17750.611 GC heap before
{Heap before GC invocations=292 (full 3):
 PSYoungGen      total 86464K, used 85504K [0x00000000fa000000, 0x00000000ff600000, 0x0000000100000000)
  eden space 84992K, 100% used [0x00000000fa000000,0x00000000ff300000,0x00000000ff300000)
  from space 1472K, 34% used [0x00000000ff490000,0x00000000ff510000,0x00000000ff600000)
  to   space 1536K, 0% used [0x00000000ff300000,0x00000000ff300000,0x00000000ff480000)
 ParOldGen       total 116608K, used 80032K [0x00000000e8000000, 0x00000000ef1e0000, 0x00000000fa000000)
  object space 116608K, 68% used [0x00000000e8000000,0x00000000ece28228,0x00000000ef1e0000)
 PSPermGen       total 109376K, used 68404K [0x00000000e0000000, 0x00000000e6ad0000, 0x00000000e8000000)
  object space 109376K, 62% used [0x00000000e0000000,0x00000000e42cd380,0x00000000e6ad0000)
Event: 17750.613 GC heap after
Heap after GC invocations=292 (full 3):
 PSYoungGen      total 86528K, used 480K [0x00000000fa000000, 0x00000000ff5f0000, 0x0000000100000000)
  eden space 84992K, 0% used [0x00000000fa000000,0x00000000fa000000,0x00000000ff300000)
  from space 1536K, 31% used [0x00000000ff300000,0x00000000ff378000,0x00000000ff480000)
  to   space 1472K, 0% used [0x00000000ff480000,0x00000000ff480000,0x00000000ff5f0000)
 ParOldGen       total 116608K, used 80064K [0x00000000e8000000, 0x00000000ef1e0000, 0x00000000fa000000)
  object space 116608K, 68% used [0x00000000e8000000,0x00000000ece30228,0x00000000ef1e0000)
 PSPermGen       total 109376K, used 68404K [0x00000000e0000000, 0x00000000e6ad0000, 0x00000000e8000000)
  object space 109376K, 62% used [0x00000000e0000000,0x00000000e42cd380,0x00000000e6ad0000)
}
Event: 18138.306 GC heap before
{Heap before GC invocations=293 (full 3):
 PSYoungGen      total 86528K, used 82654K [0x00000000fa000000, 0x00000000ff5f0000, 0x0000000100000000)
  eden space 84992K, 96% used [0x00000000fa000000,0x00000000ff03f8e8,0x00000000ff300000)
  from space 1536K, 31% used [0x00000000ff300000,0x00000000ff378000,0x00000000ff480000)
  to   space 1472K, 0% used [0x00000000ff480000,0x00000000ff480000,0x00000000ff5f0000)
 ParOldGen       total 116608K, used 80064K [0x00000000e8000000, 0x00000000ef1e0000, 0x00000000fa000000)
  object space 116608K, 68% used [0x00000000e8000000,0x00000000ece30228,0x00000000ef1e0000)
 PSPermGen       total 109376K, used 68410K [0x00000000e0000000, 0x00000000e6ad0000, 0x00000000e8000000)
  object space 109376K, 62% used [0x00000000e0000000,0x00000000e42ceb48,0x00000000e6ad0000)
Event: 18138.310 GC heap after
Heap after GC invocations=293 (full 3):
 PSYoungGen      total 86528K, used 512K [0x00000000fa000000, 0x00000000ff5f0000, 0x0000000100000000)
  eden space 85056K, 0% used [0x00000000fa000000,0x00000000fa000000,0x00000000ff310000)
  from space 1472K, 34% used [0x00000000ff480000,0x00000000ff500000,0x00000000ff5f0000)
  to   space 1472K, 0% used [0x00000000ff310000,0x00000000ff310000,0x00000000ff480000)
 ParOldGen       total 116608K, used 80080K [0x00000000e8000000, 0x00000000ef1e0000, 0x00000000fa000000)
  object space 116608K, 68% used [0x00000000e8000000,0x00000000ece34228,0x00000000ef1e0000)
 PSPermGen       total 109376K, used 68410K [0x00000000e0000000, 0x00000000e6ad0000, 0x00000000e8000000)
  object space 109376K, 62% used [0x00000000e0000000,0x00000000e42ceb48,0x00000000e6ad0000)
}

Deoptimization events (10 events):
Event: 12602.803 Thread 0x00000000674de800 Uncommon trap -12 fr.pc 0x00000000316395f0
Event: 12788.844 Thread 0x00000000674de800 Uncommon trap -83 fr.pc 0x00000000314629d8
Event: 12832.636 Thread 0x00000000674de800 Uncommon trap -122 fr.pc 0x000000003167c3c4
Event: 12881.773 Thread 0x00000000674de800 Uncommon trap -42 fr.pc 0x0000000031606c2c
Event: 12881.774 Thread 0x00000000674de800 Uncommon trap -42 fr.pc 0x0000000031606c2c
Event: 12881.774 Thread 0x00000000674de800 Uncommon trap -42 fr.pc 0x0000000031606c2c
Event: 12881.774 Thread 0x00000000674de800 Uncommon trap -42 fr.pc 0x0000000031606c2c
Event: 12980.934 Thread 0x00000000674de800 Uncommon trap -42 fr.pc 0x000000003169c8b0
Event: 12980.934 Thread 0x00000000674de800 Uncommon trap -42 fr.pc 0x000000003169c8b0
Event: 13343.748 Thread 0x00000000674de800 Uncommon trap -12 fr.pc 0x00000000317192a0

Internal exceptions (10 events):
Event: 13366.329 Thread 0x000000011cf66800 Threw 0x00000000fbc701a0 at C:\jdk7u1_64p\jdk7u11\hotspot\src\share\vm\prims\jvm.cpp:2888
Event: 13385.294 Thread 0x000000011cf66800 Threw 0x00000000fdf603f8 at C:\jdk7u1_64p\jdk7u11\hotspot\src\share\vm\prims\jvm.cpp:2888
Event: 13388.224 Thread 0x000000011cf66800 Threw 0x00000000fe098d10 at C:\jdk7u1_64p\jdk7u11\hotspot\src\share\vm\prims\jvm.cpp:2888
Event: 13403.695 Thread 0x000000011cf66800 Threw 0x00000000fe0bde08 at C:\jdk7u1_64p\jdk7u11\hotspot\src\share\vm\prims\jvm.cpp:2888
Event: 13406.892 Thread 0x000000011cf66800 Threw 0x00000000fabfd848 at C:\jdk7u1_64p\jdk7u11\hotspot\src\share\vm\prims\jvm.cpp:2888
Event: 13410.170 Thread 0x000000011cf66800 Threw 0x00000000fae20358 at C:\jdk7u1_64p\jdk7u11\hotspot\src\share\vm\prims\jvm.cpp:2888
Event: 13413.194 Thread 0x000000011cf66800 Threw 0x00000000faf64790 at C:\jdk7u1_64p\jdk7u11\hotspot\src\share\vm\prims\jvm.cpp:2888
Event: 13416.089 Thread 0x000000011cf66800 Threw 0x00000000fb0a07c8 at C:\jdk7u1_64p\jdk7u11\hotspot\src\share\vm\prims\jvm.cpp:2888
Event: 13426.649 Thread 0x000000011cf66800 Threw 0x00000000fb2e18a0 at C:\jdk7u1_64p\jdk7u11\hotspot\src\share\vm\prims\jvm.cpp:2888
Event: 13429.924 Thread 0x000000011cf66800 Threw 0x00000000fb563e28 at C:\jdk7u1_64p\jdk7u11\hotspot\src\share\vm\prims\jvm.cpp:2888

Events (10 events):
Event: 18138.327 Executing VM operation: RevokeBias
Event: 18138.327 Executing VM operation: RevokeBias done
Event: 18138.329 Thread 0x0000000067666800 Thread exited: 0x0000000067666800
Event: 18138.334 Thread 0x000000007b60a800 Thread added: 0x000000007b60a800
Event: 18138.336 Executing VM operation: RevokeBias
Event: 18138.336 Executing VM operation: RevokeBias done
Event: 18138.336 Executing VM operation: BulkRevokeBias
Event: 18138.336 Executing VM operation: BulkRevokeBias done
Event: 18138.336 Thread 0x000000007ca4e800 Thread added: 0x000000007ca4e800
Event: 18138.339 Thread 0x000000007ca4e800 Thread exited: 0x000000007ca4e800


Dynamic libraries:
0x0000000140000000 - 0x0000000140029000 	C:\Program Files\MATLAB\R2013b\bin\win64\MATLAB.exe
0x0000000077280000 - 0x0000000077429000 	C:\Windows\SYSTEM32\ntdll.dll
0x0000000077060000 - 0x000000007717f000 	C:\Windows\system32\kernel32.dll
0x000007fefd0f0000 - 0x000007fefd15c000 	C:\Windows\system32\KERNELBASE.dll
0x000000006f060000 - 0x000000006f3dc000 	C:\Program Files\MATLAB\R2013b\bin\win64\libmwservices.dll
0x000000006fe80000 - 0x000000006ff56000 	C:\Program Files\MATLAB\R2013b\bin\win64\libmwi18n.dll
0x000000006fe70000 - 0x000000006fe7d000 	C:\Program Files\MATLAB\R2013b\bin\win64\libmwresource_core.dll
0x0000000073540000 - 0x00000000735d8000 	C:\Program Files\MATLAB\R2013b\bin\win64\MSVCP100.dll
0x0000000073460000 - 0x0000000073532000 	C:\Program Files\MATLAB\R2013b\bin\win64\MSVCR100.dll
0x00000000738b0000 - 0x00000000738be000 	C:\Program Files\MATLAB\R2013b\bin\win64\boost_date_time-vc100-mt-1_49.dll
0x00000000737d0000 - 0x00000000737fc000 	C:\Program Files\MATLAB\R2013b\bin\win64\boost_filesystem-vc100-mt-1_49.dll
0x00000000738c0000 - 0x00000000738c9000 	C:\Program Files\MATLAB\R2013b\bin\win64\boost_system-vc100-mt-1_49.dll
0x000007feff4b0000 - 0x000007feff58b000 	C:\Windows\system32\ADVAPI32.dll
0x000007fefd810000 - 0x000007fefd8af000 	C:\Windows\system32\msvcrt.dll
0x000007fefeec0000 - 0x000007fefeedf000 	C:\Windows\SYSTEM32\sechost.dll
0x000007feff2c0000 - 0x000007feff3ed000 	C:\Windows\system32\RPCRT4.dll
0x0000000073850000 - 0x0000000073875000 	C:\Program Files\MATLAB\R2013b\bin\win64\LIBEXPAT.dll
0x00000000732d0000 - 0x000000007345a000 	C:\Program Files\MATLAB\R2013b\bin\win64\icuin49.dll
0x0000000073190000 - 0x00000000732ce000 	C:\Program Files\MATLAB\R2013b\bin\win64\icuuc49.dll
0x0000000068a80000 - 0x0000000069ba2000 	C:\Program Files\MATLAB\R2013b\bin\win64\icudt49.dll
0x0000000073670000 - 0x0000000073680000 	C:\Program Files\MATLAB\R2013b\bin\win64\icuio49.dll
0x0000000004200000 - 0x00000000042bb000 	C:\Program Files\MATLAB\R2013b\bin\win64\libut.dll
0x000000006f960000 - 0x000000006fb07000 	C:\Program Files\MATLAB\R2013b\bin\win64\libmwfl.dll
0x00000000042c0000 - 0x00000000046cf000 	C:\Program Files\MATLAB\R2013b\bin\win64\libmwMATLAB_res.dll
0x00000000730b0000 - 0x000000007318f000 	C:\Program Files\MATLAB\R2013b\bin\win64\boost_regex-vc100-mt-1_49.dll
0x0000000077180000 - 0x000000007727a000 	C:\Windows\system32\USER32.dll
0x000007fefe0b0000 - 0x000007fefe117000 	C:\Windows\system32\GDI32.dll
0x000007fefeeb0000 - 0x000007fefeebe000 	C:\Windows\system32\LPK.dll
0x000007fefd740000 - 0x000007fefd809000 	C:\Windows\system32\USP10.dll
0x0000000073650000 - 0x0000000073661000 	C:\Program Files\MATLAB\R2013b\bin\win64\boost_signals-vc100-mt-1_49.dll
0x0000000073630000 - 0x0000000073641000 	C:\Program Files\MATLAB\R2013b\bin\win64\boost_thread-vc100-mt-1_49.dll
0x0000000073020000 - 0x00000000730ac000 	C:\Program Files\MATLAB\R2013b\bin\win64\boost_log-vc100-mt-1_49.dll
0x0000000077450000 - 0x0000000077457000 	C:\Windows\system32\PSAPI.DLL
0x000007fefd8b0000 - 0x000007fefd8fd000 	C:\Windows\system32\WS2_32.dll
0x000007fefdb40000 - 0x000007fefdb48000 	C:\Windows\system32\NSI.dll
0x000007fefa890000 - 0x000007fefa8c3000 	C:\Program Files\MATLAB\R2013b\bin\win64\tbb.dll
0x000007feff3f0000 - 0x000007feff409000 	C:\Windows\system32\imagehlp.dll
0x000007fefaf90000 - 0x000007fefafbc000 	C:\Windows\system32\POWRPROF.dll
0x000007fefd560000 - 0x000007fefd737000 	C:\Windows\system32\SETUPAPI.dll
0x000007fefd350000 - 0x000007fefd386000 	C:\Windows\system32\CFGMGR32.dll
0x000007fefd450000 - 0x000007fefd527000 	C:\Windows\system32\OLEAUT32.dll
0x000007fefde00000 - 0x000007fefe003000 	C:\Windows\system32\ole32.dll
0x000007fefd330000 - 0x000007fefd34a000 	C:\Windows\system32\DEVOBJ.dll
0x00000000046d0000 - 0x00000000047cb000 	C:\Program Files\MATLAB\R2013b\bin\win64\libmx.dll
0x000007fefa860000 - 0x000007fefa888000 	C:\Program Files\MATLAB\R2013b\bin\win64\tbbmalloc.dll
0x0000000073610000 - 0x0000000073627000 	C:\Program Files\MATLAB\R2013b\bin\win64\zlib1.dll
0x000000006ef00000 - 0x000000006ef4e000 	C:\Program Files\MATLAB\R2013b\bin\win64\libmwregexp.dll
0x000000006eeb0000 - 0x000000006eef7000 	C:\Program Files\MATLAB\R2013b\bin\win64\mpath.dll
0x00000000047d0000 - 0x0000000004df8000 	C:\Program Files\MATLAB\R2013b\bin\win64\mlutil.dll
0x000000006e870000 - 0x000000006e8e7000 	C:\Program Files\MATLAB\R2013b\bin\win64\xmlcore.dll
0x000000006bd00000 - 0x000000006bf41000 	C:\Program Files\MATLAB\R2013b\bin\win64\xerces-c_2_7.dll
0x000000006e5f0000 - 0x000000006e613000 	C:\Program Files\MATLAB\R2013b\bin\win64\libmwMATLAB_settings_res.dll
0x0000000073840000 - 0x0000000073850000 	C:\Program Files\MATLAB\R2013b\bin\win64\boost_iostreams-vc100-mt-1_49.dll
0x0000000070950000 - 0x0000000070996000 	C:\Program Files\MATLAB\R2013b\bin\win64\boost_serialization-vc100-mt-1_49.dll
0x000007fefe120000 - 0x000007fefeea8000 	C:\Windows\system32\SHELL32.dll
0x000007feff1c0000 - 0x000007feff231000 	C:\Windows\system32\SHLWAPI.dll
0x000000006e580000 - 0x000000006e586000 	C:\Program Files\MATLAB\R2013b\bin\win64\libmwnativedisplay.dll
0x00000000685f0000 - 0x000000006863d000 	C:\Program Files\MATLAB\R2013b\bin\win64\opccore.dll
0x00000000684f0000 - 0x00000000685c6000 	C:\Program Files\MATLAB\R2013b\bin\win64\opcmodel.dll
0x00000000684c0000 - 0x00000000684ed000 	C:\Program Files\MATLAB\R2013b\bin\win64\opczippackage.dll
0x0000000073600000 - 0x000000007360e000 	C:\Program Files\MATLAB\R2013b\bin\win64\libminizip.dll
0x0000000068340000 - 0x00000000683a6000 	C:\Program Files\MATLAB\R2013b\bin\win64\opcmwservices.dll
0x000007fef86e0000 - 0x000007fef8780000 	C:\Windows\WinSxS\amd64_microsoft.windows.common-controls_6595b64144ccf1df_5.82.7601.18201_none_a4d3b9377117c3df\COMCTL32.dll
0x000007feff410000 - 0x000007feff4a7000 	C:\Windows\system32\COMDLG32.dll
0x000007fef8950000 - 0x000007fef8966000 	C:\Windows\system32\NETAPI32.dll
0x000007fef8940000 - 0x000007fef894c000 	C:\Windows\system32\netutils.dll
0x000007fefcb10000 - 0x000007fefcb33000 	C:\Windows\system32\srvcli.dll
0x000007fef8920000 - 0x000007fef8935000 	C:\Windows\system32\wkscli.dll
0x000000006e4d0000 - 0x000000006e57d000 	C:\Program Files\MATLAB\R2013b\bin\win64\mcr.dll
0x000000006e110000 - 0x000000006e4d0000 	C:\Program Files\MATLAB\R2013b\bin\win64\iqm.dll
0x0000000180000000 - 0x00000001800c2000 	C:\Program Files\MATLAB\R2013b\bin\win64\m_dispatcher.dll
0x0000000004e10000 - 0x000000000560b000 	C:\Program Files\MATLAB\R2013b\bin\win64\m_interpreter.dll
0x000000006d760000 - 0x000000006d784000 	C:\Program Files\MATLAB\R2013b\bin\win64\libmex.dll
0x000000006d6e0000 - 0x000000006d75b000 	C:\Program Files\MATLAB\R2013b\bin\win64\profiler.dll
0x000000006d450000 - 0x000000006d5c8000 	C:\Program Files\MATLAB\R2013b\bin\win64\libmwmathutil.dll
0x000000006d420000 - 0x000000006d447000 	C:\Program Files\MATLAB\R2013b\bin\win64\libmwmathrng.dll
0x000000006d410000 - 0x000000006d420000 	C:\Program Files\MATLAB\R2013b\bin\win64\libmwmfl_rng.dll
0x0000000005610000 - 0x0000000005728000 	C:\Program Files\MATLAB\R2013b\bin\win64\libmwmathcore.dll
0x000000006d2b0000 - 0x000000006d313000 	C:\Program Files\MATLAB\R2013b\bin\win64\libmwspmatrix.dll
0x0000000005730000 - 0x0000000005992000 	C:\Program Files\MATLAB\R2013b\bin\win64\mcos.dll
0x000000006cfc0000 - 0x000000006d01c000 	C:\Program Files\MATLAB\R2013b\bin\win64\libmwcholmod.dll
0x000000006cfb0000 - 0x000000006cfbc000 	C:\Program Files\MATLAB\R2013b\bin\win64\libmwamd.dll
0x000000006cfa0000 - 0x000000006cfab000 	C:\Program Files\MATLAB\R2013b\bin\win64\libmwcolamd.dll
0x000000006cf80000 - 0x000000006cf93000 	C:\Program Files\MATLAB\R2013b\bin\win64\libmwblas.dll
0x000000006cf60000 - 0x000000006cf75000 	C:\Program Files\MATLAB\R2013b\bin\win64\libmwbinder.dll
0x000000006cf50000 - 0x000000006cf5b000 	C:\Program Files\MATLAB\R2013b\bin\win64\libmwompwrapper.dll
0x000000006ced0000 - 0x000000006cf4f000 	C:\Program Files\MATLAB\R2013b\bin\win64\libmwlapack.dll
0x000000006ceb0000 - 0x000000006ced0000 	C:\Program Files\MATLAB\R2013b\bin\win64\m_pcodeio.dll
0x000000006ce50000 - 0x000000006ceac000 	C:\Program Files\MATLAB\R2013b\bin\win64\m_ir.dll
0x00000000059a0000 - 0x0000000006055000 	C:\Program Files\MATLAB\R2013b\bin\win64\m_parser.dll
0x000000006c780000 - 0x000000006c797000 	C:\Program Files\MATLAB\R2013b\bin\win64\ir_xfmr.dll
0x000000006c770000 - 0x000000006c780000 	C:\Program Files\MATLAB\R2013b\bin\win64\mtok.dll
0x000000006c740000 - 0x000000006c768000 	C:\Program Files\MATLAB\R2013b\bin\win64\m_pcodegen.dll
0x000007fef5a00000 - 0x000007fef5b25000 	C:\Windows\system32\dbghelp.dll
0x000000006c710000 - 0x000000006c73f000 	C:\Program Files\MATLAB\R2013b\bin\win64\libmwbridge.dll
0x000000006c650000 - 0x000000006c706000 	C:\Program Files\MATLAB\R2013b\bin\win64\udd.dll
0x0000000006060000 - 0x00000000061b1000 	C:\Program Files\MATLAB\R2013b\bin\win64\libmwgui.dll
0x000000006c4d0000 - 0x000000006c4f8000 	C:\Program Files\MATLAB\R2013b\bin\win64\graphics_util.dll
0x00000000707e0000 - 0x0000000070898000 	C:\Program Files\MATLAB\R2013b\bin\win64\libtex_base.dll
0x00000000061c0000 - 0x0000000006b26000 	C:\Program Files\MATLAB\R2013b\bin\win64\hg.dll
0x000000006ba60000 - 0x000000006babd000 	C:\Program Files\MATLAB\R2013b\bin\win64\libmat.dll
0x000000006b850000 - 0x000000006ba58000 	C:\Program Files\MATLAB\R2013b\bin\win64\hdf5dll.dll
0x000000006b780000 - 0x000000006b848000 	C:\Program Files\MATLAB\R2013b\bin\win64\jmi.dll
0x000000006b770000 - 0x000000006b77e000 	C:\Program Files\MATLAB\R2013b\bin\win64\nativejava_services.dll
0x0000000006b40000 - 0x0000000006b82000 	C:\Program Files\MATLAB\R2013b\bin\win64\libmwhardcopy.dll
0x000000006b6d0000 - 0x000000006b72e000 	C:\Program Files\MATLAB\R2013b\bin\win64\libuij.dll
0x000000006b490000 - 0x000000006b695000 	C:\Program Files\MATLAB\R2013b\bin\win64\hgdatatypes.dll
0x0000000006b90000 - 0x0000000006ca2000 	C:\Program Files\MATLAB\R2013b\bin\win64\hgutils.dll
0x000000006b2f0000 - 0x000000006b39e000 	C:\Program Files\MATLAB\R2013b\bin\win64\udd_mi.dll
0x000000006b2b0000 - 0x000000006b2e6000 	C:\Program Files\MATLAB\R2013b\bin\win64\libmwgbtutils.dll
0x000000006b290000 - 0x000000006b2a3000 	C:\Program Files\MATLAB\R2013b\bin\win64\libmwgbt.dll
0x000000006afc0000 - 0x000000006b28f000 	C:\Program Files\MATLAB\R2013b\bin\win64\uiw.dll
0x000000006afb0000 - 0x000000006afb9000 	C:\Program Files\MATLAB\R2013b\bin\win64\uinone.dll
0x000000006af80000 - 0x000000006afac000 	C:\Program Files\MATLAB\R2013b\bin\win64\libmwnativedialogs.dll
0x000000006af70000 - 0x000000006af7c000 	C:\Program Files\MATLAB\R2013b\bin\win64\libmwplatform_res.dll
0x000007fef89c0000 - 0x000007fef89d8000 	C:\Windows\system32\MPR.dll
0x0000000006cc0000 - 0x000000000721d000 	C:\Program Files\MATLAB\R2013b\bin\win64\mfc100.dll
0x000007fef9b70000 - 0x000007fef9b77000 	C:\Windows\system32\MSIMG32.dll
0x000007fef7f60000 - 0x000007fef7fd1000 	C:\Windows\system32\WINSPOOL.DRV
0x000000006af50000 - 0x000000006af6d000 	C:\Program Files\MATLAB\R2013b\bin\win64\mwoles05.DLL
0x000000006aee0000 - 0x000000006af4c000 	C:\Program Files\MATLAB\R2013b\bin\win64\comcli.dll
0x0000000072ff0000 - 0x000000007301b000 	C:\Program Files\MATLAB\R2013b\bin\win64\ATL100.DLL
0x000000006aed0000 - 0x000000006aedc000 	C:\Program Files\MATLAB\R2013b\bin\win64\mlautoregister.dll
0x0000000007220000 - 0x000000000738f000 	C:\Program Files\MATLAB\R2013b\bin\win64\mvm.dll
0x000007fefd530000 - 0x000007fefd55e000 	C:\Windows\system32\IMM32.DLL
0x000007feff050000 - 0x000007feff159000 	C:\Windows\system32\MSCTF.dll
0x000007fefb7f0000 - 0x000007fefb846000 	C:\Windows\system32\UxTheme.dll
0x000007fefb3c0000 - 0x000007fefb3d8000 	C:\Windows\system32\dwmapi.dll

VM Arguments:
jvm_args: -XX:PermSize=32m -Xms64m -XX:NewRatio=3 -XX:MaxPermSize=128m -Xmx384m -XX:MaxDirectMemorySize=2147400000 -Dsun.java2d.noddraw=true -Dsun.awt.nopixfmt=true -Xshare:off -Xrs -XX:-UseSplitVerifier -Djava.library.path=C:\Program Files\MATLAB\R2013b\bin\win64;C:\Program Files\MATLAB\R2013b\sys\jxbrowser\win64\lib vfprintf abort -Duser.language=de -Duser.country=DE -XX:ParallelGCThreads=6 
java_command: <unknown>
Launcher Type: generic

Environment Variables:
PATH=C:\Program Files (x86)\Intel\iCLS Client\;C:\Program Files\Intel\iCLS Client\;C:\Windows\system32;C:\Windows;C:\Windows\System32\Wbem;C:\Windows\System32\WindowsPowerShell\v1.0\;C:\Program Files (x86)\Intel\OpenCL SDK\3.0\bin\x86;C:\Program Files (x86)\Intel\OpenCL SDK\3.0\bin\x64;C:\Program Files\Intel\Intel(R) Management Engine Components\DAL;C:\Program Files\Intel\Intel(R) Management Engine Components\IPT;C:\Program Files (x86)\Intel\Intel(R) Management Engine Components\DAL;C:\Program Files (x86)\Intel\Intel(R) Management Engine Components\IPT;C:\Program Files\MATLAB\R2013b\runtime\win64;C:\Program Files\MATLAB\R2013b\bin;C:\Program Files\MATLAB\R2011a\runtime\win64;C:\Program Files\MATLAB\R2011a\bin;C:\Program Files (x86)\Java\jre7\bin;C:\Program Files (x86)\Common Files\Acronis\SnapAPI\
USERNAME=Niklas
OS=Windows_NT
PROCESSOR_IDENTIFIER=Intel64 Family 6 Model 60 Stepping 3, GenuineIntel



---------------  S Y S T E M  ---------------

OS: Windows 7 , 64 bit Build 7601 Service Pack 1

CPU:total 8 (4 cores per cpu, 2 threads per core) family 6 model 60 stepping 3, cmov, cx8, fxsr, mmx, sse, sse2, sse3, ssse3, sse4.1, sse4.2, popcnt, avx, avx2, ht, tsc, tscinvbit

Memory: 4k page, physical 16449184k(11837652k free), swap 32896504k(28428868k free)

vm_info: Java HotSpot(TM) 64-Bit Server VM (23.6-b04) for windows-amd64 JRE (1.7.0_11-b21), built on Jan 12 2013 02:38:42 by "java_re" with unknown MS VC++:1600

time: Tue Oct 28 17:15:40 2014
elapsed time: 18138 seconds

